<?xml version="1.0" encoding="UTF-8"?>
<coverage generated="1749956119">
  <project timestamp="1749956119" name="Clover Coverage">
    <file name="/home/runner/work/laravel-google-photos/laravel-google-photos/src/Contracts/Factory.php">
      <metrics loc="51" ncloc="26" classes="0" methods="0" coveredmethods="0" conditionals="0" coveredconditionals="0" statements="0" coveredstatements="0" elements="0" coveredelements="0"/>
    </file>
    <package name="Revolution\Google\Photos\Facades">
      <file name="/home/runner/work/laravel-google-photos/laravel-google-photos/src/Facades/Photos.php">
        <class name="Revolution\Google\Photos\Facades\Photos" namespace="Revolution\Google\Photos\Facades">
          <metrics complexity="1" methods="1" coveredmethods="1" conditionals="0" coveredconditionals="0" statements="1" coveredstatements="1" elements="2" coveredelements="2"/>
        </class>
        <line num="28" type="method" name="getFacadeAccessor" visibility="protected" complexity="1" crap="1" count="7"/>
        <line num="30" type="stmt" count="7"/>
        <metrics loc="33" ncloc="19" classes="1" methods="1" coveredmethods="1" conditionals="0" coveredconditionals="0" statements="1" coveredstatements="1" elements="2" coveredelements="2"/>
      </file>
      <file name="/home/runner/work/laravel-google-photos/laravel-google-photos/src/Facades/Picker.php">
        <class name="Revolution\Google\Photos\Facades\Picker" namespace="Revolution\Google\Photos\Facades">
          <metrics complexity="1" methods="1" coveredmethods="1" conditionals="0" coveredconditionals="0" statements="1" coveredstatements="1" elements="2" coveredelements="2"/>
        </class>
        <line num="18" type="method" name="getFacadeAccessor" visibility="protected" complexity="1" crap="1" count="5"/>
        <line num="20" type="stmt" count="5"/>
        <metrics loc="23" ncloc="15" classes="1" methods="1" coveredmethods="1" conditionals="0" coveredconditionals="0" statements="1" coveredstatements="1" elements="2" coveredelements="2"/>
      </file>
    </package>
    <package name="Revolution\Google\Photos">
      <file name="/home/runner/work/laravel-google-photos/laravel-google-photos/src/PhotosClient.php">
        <class name="Revolution\Google\Photos\PhotosClient" namespace="Revolution\Google\Photos">
          <metrics complexity="9" methods="6" coveredmethods="6" conditionals="0" coveredconditionals="0" statements="17" coveredstatements="17" elements="23" coveredelements="23"/>
        </class>
        <line num="32" type="method" name="setService" visibility="public" complexity="1" crap="1" count="11"/>
        <line num="34" type="stmt" count="11"/>
        <line num="36" type="stmt" count="11"/>
        <line num="39" type="method" name="getService" visibility="public" complexity="2" crap="2" count="12"/>
        <line num="41" type="stmt" count="12"/>
        <line num="42" type="stmt" count="1"/>
        <line num="45" type="stmt" count="11"/>
        <line num="55" type="method" name="withToken" visibility="public" complexity="1" crap="1" count="2"/>
        <line num="57" type="stmt" count="2"/>
        <line num="59" type="stmt" count="2"/>
        <line num="61" type="stmt" count="2"/>
        <line num="63" type="stmt" count="2"/>
        <line num="73" type="method" name="search" visibility="public" complexity="1" crap="1" count="1"/>
        <line num="75" type="stmt" count="1"/>
        <line num="86" type="method" name="batchCreate" visibility="public" complexity="2" crap="2" count="1"/>
        <line num="88" type="stmt" count="1"/>
        <line num="90" type="stmt" count="1"/>
        <line num="91" type="stmt" count="1"/>
        <line num="94" type="stmt" count="1"/>
        <line num="102" type="method" name="__call" visibility="public" complexity="2" crap="2" count="7"/>
        <line num="104" type="stmt" count="7"/>
        <line num="105" type="stmt" count="1"/>
        <line num="108" type="stmt" count="6"/>
        <metrics loc="111" ncloc="84" classes="1" methods="6" coveredmethods="6" conditionals="0" coveredconditionals="0" statements="17" coveredstatements="17" elements="23" coveredelements="23"/>
      </file>
      <file name="/home/runner/work/laravel-google-photos/laravel-google-photos/src/PickerClient.php">
        <class name="Revolution\Google\Photos\PickerClient" namespace="Revolution\Google\Photos">
          <metrics complexity="6" methods="6" coveredmethods="6" conditionals="0" coveredconditionals="0" statements="21" coveredstatements="21" elements="27" coveredelements="27"/>
        </class>
        <line num="18" type="method" name="withToken" visibility="public" complexity="1" crap="1" count="5"/>
        <line num="20" type="stmt" count="5"/>
        <line num="22" type="stmt" count="5"/>
        <line num="30" type="method" name="create" visibility="public" complexity="1" crap="1" count="2"/>
        <line num="32" type="stmt" count="2"/>
        <line num="33" type="stmt" count="2"/>
        <line num="34" type="stmt" count="2"/>
        <line num="35" type="stmt" count="2"/>
        <line num="44" type="method" name="get" visibility="public" complexity="1" crap="1" count="1"/>
        <line num="46" type="stmt" count="1"/>
        <line num="47" type="stmt" count="1"/>
        <line num="48" type="stmt" count="1"/>
        <line num="56" type="method" name="delete" visibility="public" complexity="1" crap="1" count="1"/>
        <line num="58" type="stmt" count="1"/>
        <line num="59" type="stmt" count="1"/>
        <line num="60" type="stmt" count="1"/>
        <line num="69" type="method" name="list" visibility="public" complexity="1" crap="1" count="1"/>
        <line num="71" type="stmt" count="1"/>
        <line num="72" type="stmt" count="1"/>
        <line num="73" type="stmt" count="1"/>
        <line num="74" type="stmt" count="1"/>
        <line num="75" type="stmt" count="1"/>
        <line num="76" type="stmt" count="1"/>
        <line num="77" type="stmt" count="1"/>
        <line num="80" type="method" name="endpoint" visibility="public" complexity="1" crap="1" count="1"/>
        <line num="82" type="stmt" count="1"/>
        <line num="84" type="stmt" count="1"/>
        <metrics loc="87" ncloc="65" classes="1" methods="6" coveredmethods="6" conditionals="0" coveredconditionals="0" statements="21" coveredstatements="21" elements="27" coveredelements="27"/>
      </file>
    </package>
    <package name="Revolution\Google\Photos\Support">
      <file name="/home/runner/work/laravel-google-photos/laravel-google-photos/src/Support/Token.php">
        <class name="Revolution\Google\Photos\Support\Token" namespace="Revolution\Google\Photos\Support">
          <metrics complexity="5" methods="3" coveredmethods="3" conditionals="0" coveredconditionals="0" statements="10" coveredstatements="10" elements="13" coveredelements="13"/>
        </class>
        <line num="14" type="method" name="toAccessToken" visibility="public" complexity="2" crap="2" count="1"/>
        <line num="16" type="stmt" count="1"/>
        <line num="17" type="stmt" count="1"/>
        <line num="32" type="method" name="refreshArray" visibility="public" complexity="2" crap="2" count="2"/>
        <line num="34" type="stmt" count="2"/>
        <line num="35" type="stmt" count="1"/>
        <line num="36" type="stmt" count="1"/>
        <line num="37" type="stmt" count="1"/>
        <line num="38" type="stmt" count="1"/>
        <line num="39" type="stmt" count="1"/>
        <line num="42" type="stmt" count="2"/>
        <line num="48" type="method" name="fake" visibility="public" complexity="1" crap="1" count="1"/>
        <line num="50" type="stmt" count="1"/>
        <metrics loc="53" ncloc="42" classes="1" methods="3" coveredmethods="3" conditionals="0" coveredconditionals="0" statements="10" coveredstatements="10" elements="13" coveredelements="13"/>
      </file>
    </package>
    <package name="Revolution\Google\Photos\Traits">
      <file name="/home/runner/work/laravel-google-photos/laravel-google-photos/src/Traits/PhotosLibrary.php">
        <class name="Revolution\Google\Photos\Traits\PhotosLibrary" namespace="Revolution\Google\Photos\Traits">
          <metrics complexity="1" methods="1" coveredmethods="1" conditionals="0" coveredconditionals="0" statements="2" coveredstatements="2" elements="3" coveredelements="3"/>
        </class>
        <line num="17" type="method" name="photos" visibility="public" complexity="1" crap="1" count="1"/>
        <line num="19" type="stmt" count="1"/>
        <line num="21" type="stmt" count="1"/>
        <metrics loc="29" ncloc="20" classes="1" methods="1" coveredmethods="1" conditionals="0" coveredconditionals="0" statements="2" coveredstatements="2" elements="3" coveredelements="3"/>
      </file>
    </package>
    <metrics files="7" loc="387" ncloc="271" classes="6" methods="18" coveredmethods="18" conditionals="0" coveredconditionals="0" statements="52" coveredstatements="52" elements="70" coveredelements="70"/>
  </project>
</coverage>
